<?xml version="1.0" encoding="UTF-8"?>
<!-- Generated by org.testng.reporters.JUnitReportReporter -->
<testsuite skipped="0" hostname="DESKTOP-18CQLR4" name="services.InsumoTest" tests="5" failures="0" timestamp="17 oct 2018 21:45:09 GMT" time="9.732" errors="0">
  <testcase name="deleteProduct" time="0.159" classname="services.InsumoTest"/>
  <testcase name="getWithPathParam" time="1.602" classname="services.InsumoTest"/>
  <testcase name="addProduct" time="7.339" classname="services.InsumoTest"/>
  <testcase name="getUsingQueryParam" time="0.215" classname="services.InsumoTest"/>
  <testcase name="getAll" time="0.417" classname="services.InsumoTest"/>
</testsuite> <!-- services.InsumoTest -->
