<?xml version="1.0" encoding="UTF-8"?>
<!-- Generated by org.testng.reporters.JUnitReportReporter -->
<testsuite skipped="0" hostname="DESKTOP-18CQLR4" name="Services.InsumoTest" tests="5" failures="0" timestamp="17 oct 2018 06:24:23 GMT" time="14.763" errors="0">
  <testcase name="deleteProduct" time="0.321" classname="Services.InsumoTest"/>
  <testcase name="getWithPathParam" time="2.395" classname="Services.InsumoTest"/>
  <testcase name="getAll" time="1.009" classname="Services.InsumoTest"/>
  <testcase name="addProduct" time="10.461" classname="Services.InsumoTest"/>
  <testcase name="getUsingQueryParam" time="0.577" classname="Services.InsumoTest"/>
</testsuite> <!-- Services.InsumoTest -->
