<?xml version="1.0" encoding="UTF-8"?>
<!-- Generated by org.testng.reporters.JUnitReportReporter -->
<testsuite skipped="0" hostname="DESKTOP-18CQLR4" name="ar.com.informatorio.calidad.practico.LoginTest" tests="1" failures="0" timestamp="09 oct 2018 23:24:34 GMT" time="78.361" errors="0">
  <testcase name="loginUsers" time="78.361" classname="ar.com.informatorio.calidad.practico.LoginTest"/>
</testsuite> <!-- ar.com.informatorio.calidad.practico.LoginTest -->
